2020-10-01T15:33:22+00:00 CRITICAL Uncaught Exception: unclosed block: failed at `` C:\xampp\htdocs\www\dronetop1/wp-content/themes/am-logistics/assets/scss/zo_grid.scss on line 107 in C:\xampp\htdocs\www\dronetop1\wp-content\themes\am-logistics\inc\scssphp\scss.inc.php:4108
Stack trace:
#0 C:\xampp\htdocs\www\dronetop1\wp-content\themes\am-logistics\inc\scssphp\scss.inc.php(2799): scss_parser->throwParseError('unclosed block')
#1 C:\xampp\htdocs\www\dronetop1\wp-content\themes\am-logistics\inc\scssphp\scss.inc.php(1655): scss_parser->parse('.zo-grid-filter...')
#2 C:\xampp\htdocs\www\dronetop1\wp-content\themes\am-logistics\inc\scssphp\scss.inc.php(598): scssc->importFile('C:\\xampp\\htdocs...', Object(stdClass))
#3 C:\xampp\htdocs\www\dronetop1\wp-content\themes\am-logistics\inc\scssphp\scss.inc.php(631): scssc->compileImport(Array, Object(stdClass))
#4 C:\xampp\htdocs\www\dronetop1\wp-content\themes\am-logistics\inc\scssphp\scss.inc.php(500): scssc->compileChild(Array, Object(stdClass))
#5 C:\xampp\htdocs\www\dronetop1\wp-content\themes\am- in C:\xampp\htdocs\www\dronetop1\wp-content\themes\am-logistics\inc\scssphp\scss.inc.php on line 4108

2020-10-01T15:33:32+00:00 CRITICAL Uncaught Exception: unclosed block: failed at `` C:\xampp\htdocs\www\dronetop1/wp-content/themes/am-logistics/assets/scss/zo_grid.scss on line 107 in C:\xampp\htdocs\www\dronetop1\wp-content\themes\am-logistics\inc\scssphp\scss.inc.php:4108
Stack trace:
#0 C:\xampp\htdocs\www\dronetop1\wp-content\themes\am-logistics\inc\scssphp\scss.inc.php(2799): scss_parser->throwParseError('unclosed block')
#1 C:\xampp\htdocs\www\dronetop1\wp-content\themes\am-logistics\inc\scssphp\scss.inc.php(1655): scss_parser->parse('.zo-grid-filter...')
#2 C:\xampp\htdocs\www\dronetop1\wp-content\themes\am-logistics\inc\scssphp\scss.inc.php(598): scssc->importFile('C:\\xampp\\htdocs...', Object(stdClass))
#3 C:\xampp\htdocs\www\dronetop1\wp-content\themes\am-logistics\inc\scssphp\scss.inc.php(631): scssc->compileImport(Array, Object(stdClass))
#4 C:\xampp\htdocs\www\dronetop1\wp-content\themes\am-logistics\inc\scssphp\scss.inc.php(500): scssc->compileChild(Array, Object(stdClass))
#5 C:\xampp\htdocs\www\dronetop1\wp-content\themes\am- in C:\xampp\htdocs\www\dronetop1\wp-content\themes\am-logistics\inc\scssphp\scss.inc.php on line 4108

2020-10-01T16:33:22+00:00 CRITICAL Uncaught Exception: unclosed block: failed at `` C:\xampp\htdocs\www\dronetop1/wp-content/themes/am-logistics/assets/scss/zo_grid.scss on line 276 in C:\xampp\htdocs\www\dronetop1\wp-content\themes\am-logistics\inc\scssphp\scss.inc.php:4108
Stack trace:
#0 C:\xampp\htdocs\www\dronetop1\wp-content\themes\am-logistics\inc\scssphp\scss.inc.php(2799): scss_parser->throwParseError('unclosed block')
#1 C:\xampp\htdocs\www\dronetop1\wp-content\themes\am-logistics\inc\scssphp\scss.inc.php(1655): scss_parser->parse('.zo-grid-filter...')
#2 C:\xampp\htdocs\www\dronetop1\wp-content\themes\am-logistics\inc\scssphp\scss.inc.php(598): scssc->importFile('C:\\xampp\\htdocs...', Object(stdClass))
#3 C:\xampp\htdocs\www\dronetop1\wp-content\themes\am-logistics\inc\scssphp\scss.inc.php(631): scssc->compileImport(Array, Object(stdClass))
#4 C:\xampp\htdocs\www\dronetop1\wp-content\themes\am-logistics\inc\scssphp\scss.inc.php(500): scssc->compileChild(Array, Object(stdClass))
#5 C:\xampp\htdocs\www\dronetop1\wp-content\themes\am- in C:\xampp\htdocs\www\dronetop1\wp-content\themes\am-logistics\inc\scssphp\scss.inc.php on line 4108

2020-10-01T17:14:47+00:00 CRITICAL syntax error, unexpected '$rating_count' (T_VARIABLE), expecting ',' or ';' in C:\xampp\htdocs\www\dronetop1\wp-content\themes\am-logistics\woocommerce\content-product.php on line 68

2020-10-01T17:16:18+00:00 CRITICAL Uncaught Error: Call to undefined function get_all_product_review_average_rating() in C:\xampp\htdocs\www\dronetop1\wp-content\themes\am-logistics\functions.php:706
Stack trace:
#0 C:\xampp\htdocs\www\dronetop1\wp-content\themes\am-logistics\woocommerce\content-product.php(65): display_all_product_review_rating(1, 5)
#1 C:\xampp\htdocs\www\dronetop1\wp-includes\template.php(732): require('C:\\xampp\\htdocs...')
#2 C:\xampp\htdocs\www\dronetop1\wp-content\plugins\woocommerce\includes\wc-core-functions.php(283): load_template('C:\\xampp\\htdocs...', false)
#3 C:\xampp\htdocs\www\dronetop1\wp-content\themes\am-logistics\woocommerce\archive-product.php(76): wc_get_template_part('content', 'product')
#4 C:\xampp\htdocs\www\dronetop1\wp-includes\template-loader.php(106): include('C:\\xampp\\htdocs...')
#5 C:\xampp\htdocs\www\dronetop1\wp-blog-header.php(19): require_once('C:\\xampp\\htdocs...')
#6 C:\xampp\htdocs\www\dronetop1\index.php(17): require('C:\\xampp\\htdocs...')
#7 {main}
  thrown in C:\xampp\htdocs\www\dronetop1\wp-content\themes\am-logistics\functions.php on line 706

2020-10-01T17:17:53+00:00 CRITICAL syntax error, unexpected '*', expecting end of file in C:\xampp\htdocs\www\dronetop1\wp-content\themes\am-logistics\functions.php on line 704

2020-10-01T17:55:34+00:00 CRITICAL Uncaught ArgumentCountError: Too few arguments to function add_percentage_to_sale_bubble(), 0 passed in C:\xampp\htdocs\www\dronetop1\wp-content\themes\am-logistics\woocommerce\content-product.php on line 63 and exactly 1 expected in C:\xampp\htdocs\www\dronetop1\wp-content\themes\am-logistics\functions.php:694
Stack trace:
#0 C:\xampp\htdocs\www\dronetop1\wp-content\themes\am-logistics\woocommerce\content-product.php(63): add_percentage_to_sale_bubble()
#1 C:\xampp\htdocs\www\dronetop1\wp-includes\template.php(732): require('C:\\xampp\\htdocs...')
#2 C:\xampp\htdocs\www\dronetop1\wp-content\plugins\woocommerce\includes\wc-core-functions.php(283): load_template('C:\\xampp\\htdocs...', false)
#3 C:\xampp\htdocs\www\dronetop1\wp-content\themes\am-logistics\woocommerce\archive-product.php(76): wc_get_template_part('content', 'product')
#4 C:\xampp\htdocs\www\dronetop1\wp-includes\template-loader.php(106): include('C:\\xampp\\htdocs...')
#5 C:\xampp\htdocs\www\dronetop1\wp-blog-header.php(19): require_once('C:\\x in C:\xampp\htdocs\www\dronetop1\wp-content\themes\am-logistics\functions.php on line 694

2020-10-01T17:56:58+00:00 CRITICAL Uncaught ArgumentCountError: Too few arguments to function add_percentage_to_sale_bubble(), 0 passed in C:\xampp\htdocs\www\dronetop1\wp-content\themes\am-logistics\woocommerce\content-product.php on line 63 and exactly 1 expected in C:\xampp\htdocs\www\dronetop1\wp-content\themes\am-logistics\functions.php:693
Stack trace:
#0 C:\xampp\htdocs\www\dronetop1\wp-content\themes\am-logistics\woocommerce\content-product.php(63): add_percentage_to_sale_bubble()
#1 C:\xampp\htdocs\www\dronetop1\wp-includes\template.php(732): require('C:\\xampp\\htdocs...')
#2 C:\xampp\htdocs\www\dronetop1\wp-content\plugins\woocommerce\includes\wc-core-functions.php(283): load_template('C:\\xampp\\htdocs...', false)
#3 C:\xampp\htdocs\www\dronetop1\wp-content\themes\am-logistics\woocommerce\archive-product.php(76): wc_get_template_part('content', 'product')
#4 C:\xampp\htdocs\www\dronetop1\wp-includes\template-loader.php(106): include('C:\\xampp\\htdocs...')
#5 C:\xampp\htdocs\www\dronetop1\wp-blog-header.php(19): require_once('C:\\x in C:\xampp\htdocs\www\dronetop1\wp-content\themes\am-logistics\functions.php on line 693

2020-10-01T17:58:19+00:00 CRITICAL Uncaught ArgumentCountError: Too few arguments to function add_percentage_to_sale_badge(), 0 passed in C:\xampp\htdocs\www\dronetop1\wp-content\themes\am-logistics\woocommerce\content-product.php on line 63 and exactly 3 expected in C:\xampp\htdocs\www\dronetop1\wp-content\themes\am-logistics\functions.php:694
Stack trace:
#0 C:\xampp\htdocs\www\dronetop1\wp-content\themes\am-logistics\woocommerce\content-product.php(63): add_percentage_to_sale_badge()
#1 C:\xampp\htdocs\www\dronetop1\wp-includes\template.php(732): require('C:\\xampp\\htdocs...')
#2 C:\xampp\htdocs\www\dronetop1\wp-content\plugins\woocommerce\includes\wc-core-functions.php(283): load_template('C:\\xampp\\htdocs...', false)
#3 C:\xampp\htdocs\www\dronetop1\wp-content\themes\am-logistics\woocommerce\archive-product.php(76): wc_get_template_part('content', 'product')
#4 C:\xampp\htdocs\www\dronetop1\wp-includes\template-loader.php(106): include('C:\\xampp\\htdocs...')
#5 C:\xampp\htdocs\www\dronetop1\wp-blog-header.php(19): require_once('C:\\xam in C:\xampp\htdocs\www\dronetop1\wp-content\themes\am-logistics\functions.php on line 694

2020-10-01T17:59:55+00:00 CRITICAL Uncaught ArgumentCountError: Too few arguments to function add_percentage_to_sale_badge(), 0 passed in C:\xampp\htdocs\www\dronetop1\wp-content\themes\am-logistics\woocommerce\content-product.php on line 63 and exactly 3 expected in C:\xampp\htdocs\www\dronetop1\wp-content\themes\am-logistics\functions.php:694
Stack trace:
#0 C:\xampp\htdocs\www\dronetop1\wp-content\themes\am-logistics\woocommerce\content-product.php(63): add_percentage_to_sale_badge()
#1 C:\xampp\htdocs\www\dronetop1\wp-includes\template.php(732): require('C:\\xampp\\htdocs...')
#2 C:\xampp\htdocs\www\dronetop1\wp-content\plugins\woocommerce\includes\wc-core-functions.php(283): load_template('C:\\xampp\\htdocs...', false)
#3 C:\xampp\htdocs\www\dronetop1\wp-content\themes\am-logistics\woocommerce\archive-product.php(76): wc_get_template_part('content', 'product')
#4 C:\xampp\htdocs\www\dronetop1\wp-includes\template-loader.php(106): include('C:\\xampp\\htdocs...')
#5 C:\xampp\htdocs\www\dronetop1\wp-blog-header.php(19): require_once('C:\\xam in C:\xampp\htdocs\www\dronetop1\wp-content\themes\am-logistics\functions.php on line 694

